<?xml version="1.0" encoding="UTF-8"?>
<testsuites>
  <testsuite name="CHANGEME" tests="1" assertions="1" failures="0" errors="0" time="0.109273">
    <testsuite name="CHANGEMETests" file="/Users/rich/Documents/Code/stub/tests/unit/CHANGEMETest.php" tests="1" assertions="1" failures="0" errors="0" time="0.109273">
      <testcase name="testCHANGEME" class="CHANGEMETests" file="/Users/rich/Documents/Code/stub/tests/unit/CHANGEMETest.php" line="5" assertions="1" time="0.109273"/>
    </testsuite>
  </testsuite>
</testsuites>
